0 info it worked if it ends with ok
1 verbose cli [ '/Users/jhliberty/.nvm/versions/node/v0.12.1/bin/node',
1 verbose cli   '/Users/jhliberty/.nvm/versions/node/v0.12.1/bin/npm',
1 verbose cli   'publish' ]
2 info using npm@2.5.1
3 info using node@v0.12.1
4 verbose publish [ '.' ]
5 silly cache add args [ '.', null ]
6 verbose cache add spec .
7 silly cache add parsed spec { raw: '.',
7 silly cache add   scope: null,
7 silly cache add   name: null,
7 silly cache add   rawSpec: '.',
7 silly cache add   spec: '/Users/jhliberty/Desktop/Seeds.js-Master/soil-cli',
7 silly cache add   type: 'directory' }
8 verbose addLocalDirectory /Users/jhliberty/.npm/soil-cli/1.2.2/package.tgz not in flight; packing
9 verbose tar pack [ '/Users/jhliberty/.npm/soil-cli/1.2.2/package.tgz',
9 verbose tar pack   '/Users/jhliberty/Desktop/Seeds.js-Master/soil-cli' ]
10 verbose tarball /Users/jhliberty/.npm/soil-cli/1.2.2/package.tgz
11 verbose folder /Users/jhliberty/Desktop/Seeds.js-Master/soil-cli
12 info prepublish soil-cli@1.2.2
13 verbose addLocalTarball adding from inside cache /Users/jhliberty/.npm/soil-cli/1.2.2/package.tgz
14 silly cache afterAdd soil-cli@1.2.2
15 verbose afterAdd /Users/jhliberty/.npm/soil-cli/1.2.2/package/package.json not in flight; writing
16 verbose afterAdd /Users/jhliberty/.npm/soil-cli/1.2.2/package/package.json written
17 silly publish { name: 'soil-cli',
17 silly publish   version: '1.2.2',
17 silly publish   description: 'Soil Cli is a framework for rapidly building ambitious CLI applications with io.js using the ES6 Class Syntax',
17 silly publish   main: 'index.js',
17 silly publish   scripts: { test: 'node test.js' },
17 silly publish   repository:
17 silly publish    { type: 'git',
17 silly publish      url: 'https://github.com/terminalvelocity/soil-cli' },
17 silly publish   keywords: [ 'seeds', 'framework', 'terminal', 'app', 'cli', 'io' ],
17 silly publish   author:
17 silly publish    { name: 'John-Henry Liberty',
17 silly publish      email: 'jhliberty@terminalvelo.city',
17 silly publish      url: 'http://terminalvelo.city' },
17 silly publish   license: 'MIT',
17 silly publish   bugs: { url: 'https://github.com/terminalvelocity/soil-cli/issues' },
17 silly publish   homepage: 'https://github.com/terminalvelocity/soil-cli',
17 silly publish   dependencies:
17 silly publish    { chalk: '^1.0.0',
17 silly publish      chdir: '0.0.0',
17 silly publish      'child-process-promise': '^1.0.2',
17 silly publish      exit: '^0.1.2',
17 silly publish      'fs-extra-promise': '^0.1.1',
17 silly publish      'graceful-fs': '^3.0.6',
17 silly publish      'mkdirp-then': '^1.0.1',
17 silly publish      multiline: '^1.0.2',
17 silly publish      resolve: '^1.1.6' },
17 silly publish   readme: 'Soil Cli\n=====\n\n```\n .-.          .\n(   )      o  |\n `-.  .-.  .  |\n(   )(   ) |  |\n `-\'  `-\'-\' `-`-\n ```\n\nSoil Cli is an npm module for rapidly developing command line tools in ES6\'s Class syntax.\n\nIt is developed by [TerminalVelo.city](https://github.com/terminalvelocity).\n\n#### Current Roadmap:\n\n- Documentation\n- Most Frequently Used CLI Functions\n- Promisify all the things!\n\n',
17 silly publish   readmeFilename: 'README.md',
17 silly publish   gitHead: '787dcb8167effd78b74c359c0b27a234355cc887',
17 silly publish   _id: 'soil-cli@1.2.2',
17 silly publish   _shasum: '76e3ef86d1983aed5e1746651795445dfacac3ee',
17 silly publish   _from: '.' }
18 silly mapToRegistry name soil-cli
19 silly mapToRegistry using default registry
20 silly mapToRegistry registry https://registry.npmjs.org/
21 silly mapToRegistry uri https://registry.npmjs.org/soil-cli
22 verbose publish registryBase https://registry.npmjs.org/
23 silly publish uploading /Users/jhliberty/.npm/soil-cli/1.2.2/package.tgz
24 verbose request uri https://registry.npmjs.org/soil-cli
25 verbose request sending authorization for write operation
26 info attempt registry request try #1 at 5:18:15 PM
27 verbose request using bearer token for auth
28 verbose request id b680e2404ecc4825
29 http request PUT https://registry.npmjs.org/soil-cli
30 http 403 https://registry.npmjs.org/soil-cli
31 verbose headers { 'content-type': 'application/json',
31 verbose headers   'cache-control': 'max-age=60',
31 verbose headers   'content-length': '95',
31 verbose headers   'accept-ranges': 'bytes',
31 verbose headers   date: 'Thu, 21 May 2015 22:18:15 GMT',
31 verbose headers   via: '1.1 varnish',
31 verbose headers   connection: 'keep-alive',
31 verbose headers   'x-served-by': 'cache-ord1731-ORD',
31 verbose headers   'x-cache': 'MISS',
31 verbose headers   'x-cache-hits': '0',
31 verbose headers   'x-timer': 'S1432246695.362203,VS0,VE272' }
32 verbose request invalidating /Users/jhliberty/.npm/registry.npmjs.org/soil-cli on PUT
33 error publish Failed PUT 403
34 verbose stack Error: "You cannot publish over the previously published version 1.2.2." : soil-cli
34 verbose stack     at CachingRegistryClient.<anonymous> (/Users/jhliberty/.nvm/versions/node/v0.12.1/lib/node_modules/npm/node_modules/npm-registry-client/lib/request.js:254:14)
34 verbose stack     at Request._callback (/Users/jhliberty/.nvm/versions/node/v0.12.1/lib/node_modules/npm/node_modules/npm-registry-client/lib/request.js:178:14)
34 verbose stack     at Request.self.callback (/Users/jhliberty/.nvm/versions/node/v0.12.1/lib/node_modules/npm/node_modules/request/request.js:344:22)
34 verbose stack     at Request.emit (events.js:110:17)
34 verbose stack     at Request.<anonymous> (/Users/jhliberty/.nvm/versions/node/v0.12.1/lib/node_modules/npm/node_modules/request/request.js:1239:14)
34 verbose stack     at Request.emit (events.js:129:20)
34 verbose stack     at IncomingMessage.<anonymous> (/Users/jhliberty/.nvm/versions/node/v0.12.1/lib/node_modules/npm/node_modules/request/request.js:1187:12)
34 verbose stack     at IncomingMessage.emit (events.js:129:20)
34 verbose stack     at _stream_readable.js:908:16
34 verbose stack     at process._tickCallback (node.js:355:11)
35 verbose statusCode 403
36 verbose pkgid soil-cli
37 verbose cwd /Users/jhliberty/Desktop/Seeds.js-Master/soil-cli
38 error Darwin 14.3.0
39 error argv "/Users/jhliberty/.nvm/versions/node/v0.12.1/bin/node" "/Users/jhliberty/.nvm/versions/node/v0.12.1/bin/npm" "publish"
40 error node v0.12.1
41 error npm  v2.5.1
42 error code E403
43 error "You cannot publish over the previously published version 1.2.2." : soil-cli
44 error If you need help, you may report this error at:
44 error     <http://github.com/npm/npm/issues>
45 verbose exit [ 1, true ]
